 3715396067,0.0579115443\H,4.0501951979,-3.0270818734,1.3330397392\C,1.
 9172455742,-3.7058146095,-0.2578324943\H,1.7137495933,-3.8008136596,0.
 8067955238\H,0.9833545597,-3.5167242034,-0.779566329\H,2.2858541812,-4
 .671256327,-0.6048097064\C,0.9121653643,5.3323057867,1.1945143581\H,0.
 0213070209,5.4874185724,1.7949966179\H,1.729133541,5.9192084373,1.6137
 755013\H,0.7055719728,5.6942777772,0.1890770675\C,2.6350827434,3.75170
 74548,0.3502237588\H,3.1312956082,2.7909360604,0.4349485343\H,2.438124
 9057,3.9530844957,-0.7026094781\H,3.334134899,4.50866752,0.7060909262\
 C,1.5708143477,3.3920240417,2.6258670637\H,0.655857288,3.490360818,3.2
 092923291\H,1.9153555454,2.3617527293,2.6830270203\H,2.3343246657,4.01
 73485374,3.0902154434\C,-2.6655209498,-0.2707774554,-4.8174542734\H,-2
 .8346248566,0.3560719074,-5.6928203547\H,-2.1989625012,-1.1987249139,-
 5.1318557564\H,-3.6290962756,-0.5131690182,-4.3726503955\C,-2.50383044
 6,1.8228803813,-3.4884391005\H,-3.3868340743,1.6323143057,-2.879117910
 3\H,-1.8762443372,2.5438522666,-2.9757914796\H,-2.8360164278,2.2874975
 216,-4.4167537782\C,-0.4179200874,0.7784451311,-4.492015279\H,0.245048
 2004,1.360110786,-3.8545589644\H,0.0755863431,-0.1595270492,-4.7440999
 184\H,-0.5649112871,1.3420076158,-5.4142830321\\Version=EM64L-G09RevB.
 01\State=5-A\HF=-1539.7706278\S2=6.019354\S2-1=0.\S2A=6.00015\RMSD=5.8
 11e-09\RMSF=5.851e-06\Dipole=0.6206748,0.8209387,0.4281142\Quadrupole=9999999999999999999999
 -7.2370878,-5.1247124,12.3618001,-4.4712281,-1.0784052,-1.5736877\PG=C
 01 [X(C26H48N4O4)]\\@


 It is also a good rule not to put too much confidence in
 experimental results until they have been confirmed by
 Theory.
                             -- Sir Arthur Eddington
 Job cpu time: 26 days 15 hours 55 minutes  0.3 seconds.
 File lengths (MBytes):  RWF=   2133 Int=      0 D2E=      0 Chk=    142 Scr=      2
 Normal termination of Gaussian 09 at Wed Apr  4 13:05:23 2018.
